<?xml version="1.0" encoding="UTF-8"?>
<!-- Generated by org.testng.reporters.JUnitReportReporter -->
<testsuite hostname="Milan-Macbook.fios-router.home" failures="0" tests="1" name="main.CucumberRunner" time="25.191" errors="0" timestamp="26 Feb 2021 16:25:13 GMT">
  <testcase classname="main.CucumberRunner" name="feature" time="25.191"/>
</testsuite> <!-- main.CucumberRunner -->
