<?xml version="1.0" encoding="UTF-8"?>
<!-- Generated by org.testng.reporters.JUnitReportReporter -->
<testsuite hostname="Milan-Macbook.local" failures="0" tests="1" name="main.CucumberRunner" time="11.205" errors="0" timestamp="22 Feb 2021 20:50:56 GMT">
  <testcase classname="main.CucumberRunner" name="feature" time="11.205"/>
</testsuite> <!-- main.CucumberRunner -->
